COR24 BASIC V1
READY
>>>>>>>>>>>>>>>>>>>>>>>>>>>>>>>>>>>>>>>>>>>>>>>>>>>>>>>>>>>>>>>>>>>>>>>>>>>>>>>>>>>>>>>>>>>>>>>>>>>>>>>>>>>>>>>>>>>>>>>>>>>>>>>>>>>>>>>>>>>>>>>>>>>>>>>>>>>>>>>>>>>>>>>>>>>>>>>>>>>>>>>>>>>>>>>>>>>>>>>>>>>>>>>>>>>>>>>>>>>>>>>>>>>>>>>>>>>>>>>>>>>>>>>>>>>>>>>>>>>>>>>>>>>>>>>>>>>>>>>>>>>>>>>>>>>>>>
*** ROBOT CHASE ***
EVADE THE ROBOTS - MAKE THEM COLLIDE.


TURN 1   ROBOTS 8   TELE 2
  0 1 2 3 4 5 6 7 8
0 . . . . . . . . . 
1 . . . . P . . . . 
2 . . . . . . R . . 
3 . . . . . . . . . 
4 . . R . . . . R . 
5 . . . . . . . . . 
6 . . . . . . . . R 
7 . R . R . . . . . 
8 . . R . . . R . . 

1-9=MOVE(5=WAIT) 0=TELE 10=LRS 99=QUIT
COMMAND 
LRS  R=ROBOTS W=WRECKS P=PLAYER
 0/0/0 0/0/1 1/0/0
 1/0/0 0/0/0 1/0/0
 2/0/0 1/0/0 2/0/0


TURN 1   ROBOTS 8   TELE 2
  0 1 2 3 4 5 6 7 8
0 . . . . . . . . . 
1 . . . . P . . . . 
2 . . . . . . R . . 
3 . . . . . . . . . 
4 . . R . . . . R . 
5 . . . . . . . . . 
6 . . . . . . . . R 
7 . R . R . . . . . 
8 . . R . . . R . . 

1-9=MOVE(5=WAIT) 0=TELE 10=LRS 99=QUIT
COMMAND 
*** COMMAND RESIGNED ***
>
