COR24 BASIC V1
READY
>>>>>>>>>>>>>>>>>>>>>>>>>>>>>>>>>>>>>>>>>>>>>>>>>>>>>>>>>>>>>>>>>>>>>>>>>>>>>>>>>>>>>>>>>>>>>>>>>>>>>>>>>>>>>>>>>>>>>>>>>>>>>>>>>>>>>>>>>>>>>>>>>>>>>>>>>>>>>>>>>>>>>>>>>>>>>>>>>>>>>>>>>>>>>>>>>>>>>>>>>>>>>>>>>>>>>>>>>>>>>>>>>>>>>>>>>>>>>>>>>>>>>>>>>>>>>>>>>>>>>>>>>>>>>>>>>>>>>>>>>>>>>>>>>>>>>>>>>>>>>>>>>>>>>>>>>>>>>>>>>>>>>>>>>>>>>>>>>>>>>>>>>>>>>>>>>>>>>>>>>>>>>>>>>>>>>>>>>>>>>>>>>>>>>>

*** STAR TREK: DECAYING ORBIT ***


YOU AWAKEN ALONE ON THE BRIDGE OF THE
U.S.S. ENTERPRISE. RED LIGHTS FLASH.
THE SHIP SHUDDERS.


COMPUTER: WARNING - STABLE ORBIT LOST
COMPUTER: ENGINES OFFLINE
COMPUTER: ORBITAL DECAY IN PROGRESS


RESTORE ENGINE POWER BEFORE THE SHIP
BURNS UP. PICK 8 FOR HELP.


----------------------------------------
TURNS LEFT 30


BRIDGE
THE BRIDGE IS DESERTED. THE MAIN
VIEWSCREEN SHOWS A PLANET GROWING
LARGER. A DAMAGED CONSOLE SPARKS.
THE TURBOLIFT DOORS STAND OPEN.
A PHASER LIES UNDER THE CAPTAIN'S CHAIR.
EXITS: 2=TURBOLIFT


1=LOOK 2=INV  3=GO    4=TAKE
5=USE  6=THROW 7=FIRE 8=HELP 0=QUIT
COMMAND TAKE WHAT?
  1=PHASER
ITEM# TAKEN: PHASER.
----------------------------------------
TURNS LEFT 29


BRIDGE
THE BRIDGE IS DESERTED. THE MAIN
VIEWSCREEN SHOWS A PLANET GROWING
LARGER. A DAMAGED CONSOLE SPARKS.
THE TURBOLIFT DOORS STAND OPEN.
EXITS: 2=TURBOLIFT


1=LOOK 2=INV  3=GO    4=TAKE
5=USE  6=THROW 7=FIRE 8=HELP 0=QUIT
COMMAND GO TO ROOM# ----------------------------------------
TURNS LEFT 28


TURBOLIFT
THE TURBOLIFT HUMS ON EMERGENCY
POWER. DECK BUTTONS GLOW DIMLY.
EXITS: 1=BRIDGE 3=CORRIDOR 6=ENGINEERING


1=LOOK 2=INV  3=GO    4=TAKE
5=USE  6=THROW 7=FIRE 8=HELP 0=QUIT
COMMAND GO TO ROOM# ----------------------------------------
TURNS LEFT 27


CORRIDOR
A CORRIDOR STRETCHES FORE AND AFT.
EMERGENCY LIGHTS PULSE ALONG THE WALLS.
EXITS: 2=TURBOLIFT 4=QUARTERS
       5=STORAGE   7=ARMORY
       9=COMPUTER


1=LOOK 2=INV  3=GO    4=TAKE
5=USE  6=THROW 7=FIRE 8=HELP 0=QUIT
COMMAND GO TO ROOM# ----------------------------------------
TURNS LEFT 26


STORAGE
CARGO CONTAINERS ARE STRAPPED TO
THE DECK.
A TOOLKIT LIES BY A MAINTENANCE CRATE.
AN ENGINE COUPLER RESTS ON A SHELF.
SOMETHING FURRY SQUEAKS - A TRIBBLE.
EXITS: 3=CORRIDOR 8=SHUTTLE


1=LOOK 2=INV  3=GO    4=TAKE
5=USE  6=THROW 7=FIRE 8=HELP 0=QUIT
COMMAND TAKE WHAT?
  3=TOOLKIT
  4=COUPLER
  5=TRIBBLE
ITEM# THE TRIBBLE PURRS SOFTLY. TAKEN.
----------------------------------------
TURNS LEFT 25


STORAGE
CARGO CONTAINERS ARE STRAPPED TO
THE DECK.
A TOOLKIT LIES BY A MAINTENANCE CRATE.
AN ENGINE COUPLER RESTS ON A SHELF.
EXITS: 3=CORRIDOR 8=SHUTTLE


1=LOOK 2=INV  3=GO    4=TAKE
5=USE  6=THROW 7=FIRE 8=HELP 0=QUIT
COMMAND ----------------------------------------
TURNS LEFT 24


STORAGE
CARGO CONTAINERS ARE STRAPPED TO
THE DECK.
A TOOLKIT LIES BY A MAINTENANCE CRATE.
AN ENGINE COUPLER RESTS ON A SHELF.
EXITS: 3=CORRIDOR 8=SHUTTLE


1=LOOK 2=INV  3=GO    4=TAKE
5=USE  6=THROW 7=FIRE 8=HELP 0=QUIT
COMMAND ----------------------------------------
TURNS LEFT 23


STORAGE
CARGO CONTAINERS ARE STRAPPED TO
THE DECK.
A TOOLKIT LIES BY A MAINTENANCE CRATE.
AN ENGINE COUPLER RESTS ON A SHELF.
EXITS: 3=CORRIDOR 8=SHUTTLE


1=LOOK 2=INV  3=GO    4=TAKE
5=USE  6=THROW 7=FIRE 8=HELP 0=QUIT
COMMAND COMPUTER: INTERNAL SENSORS DETECT BOARDERS.
----------------------------------------
TURNS LEFT 22


STORAGE
CARGO CONTAINERS ARE STRAPPED TO
THE DECK.
A TOOLKIT LIES BY A MAINTENANCE CRATE.
AN ENGINE COUPLER RESTS ON A SHELF.
EXITS: 3=CORRIDOR 8=SHUTTLE


1=LOOK 2=INV  3=GO    4=TAKE
5=USE  6=THROW 7=FIRE 8=HELP 0=QUIT
COMMAND ----------------------------------------
TURNS LEFT 21


STORAGE
CARGO CONTAINERS ARE STRAPPED TO
THE DECK.
A TOOLKIT LIES BY A MAINTENANCE CRATE.
AN ENGINE COUPLER RESTS ON A SHELF.
EXITS: 3=CORRIDOR 8=SHUTTLE


1=LOOK 2=INV  3=GO    4=TAKE
5=USE  6=THROW 7=FIRE 8=HELP 0=QUIT
COMMAND ----------------------------------------
TURNS LEFT 20


STORAGE
CARGO CONTAINERS ARE STRAPPED TO
THE DECK.
A TOOLKIT LIES BY A MAINTENANCE CRATE.
AN ENGINE COUPLER RESTS ON A SHELF.
EXITS: 3=CORRIDOR 8=SHUTTLE


1=LOOK 2=INV  3=GO    4=TAKE
5=USE  6=THROW 7=FIRE 8=HELP 0=QUIT
COMMAND YOU HURL THE TRIBBLE.
THE KLINGONS FREEZE. ONE SHOUTS:
'GET IT AWAY FROM ME!'
IN THE CONFUSION, THEY RETREAT.
----------------------------------------
TURNS LEFT 19


STORAGE
CARGO CONTAINERS ARE STRAPPED TO
THE DECK.
A TOOLKIT LIES BY A MAINTENANCE CRATE.
AN ENGINE COUPLER RESTS ON A SHELF.
SOMETHING FURRY SQUEAKS - A TRIBBLE.
EXITS: 3=CORRIDOR 8=SHUTTLE


1=LOOK 2=INV  3=GO    4=TAKE
5=USE  6=THROW 7=FIRE 8=HELP 0=QUIT
COMMAND 

*** COMMAND RESIGNED ***
>
