COR24 BASIC V1
READY
>>>>>>>>>>>>>>>>>>>>>>>>>>>>>>>>>>>>>>>>>>>>>>>>>>>>>>>>>>>>>>>>>>>>>>>>>>>>>>>>>>>>>>>>>>>>>>>>>>>>>>>>>>>>>>>>>>>>>>>>>>>>>>>>>>>>>>>>>>>>>>>>>>>>>>>>>>>>>>>>>>>>>>>>>>>>>>>>>>>>>>>>>>>>>>>>>>>>>>>>>>>>>>>>>>>>>>>>>>>>>>>>>>>>>>>>>>>>>>>>>>>>>>>>>>>>>>>>>>>>>>>>>>>>>>>>>>>>>>>>>>>>>>>>>>>>>>>>>>>>>>>>>>>>>>>>>
*** ROBOT CHASE ***
EVADE THE ROBOTS - MAKE THEM COLLIDE.


TURN 1   ROBOTS 12   TELE 3
   0 1 2 3 4 5 6 7 8 9 A B C D E F
0 . . . . . . . . . . . . . . . . 
1 . . . . . . . . R . . . . . . . 
2 R . . . . . . . . . . . . . . . 
3 . . . . . . . . . . . . . . . . 
4 . . . . . . . . . . . . . . . . 
5 . . . . . . . . . . . . . . . . 
6 . . . . P . . . . . . R . . . . 
7 . . . . . . . . . R . . . . . . 
8 . . . . . . . . R . . . . . . . 
9 R . . . . . . . . . . . . . . . 
A . . . R . . . . . . . . . . . . 
B . . R . . . . R . R . . . . . . 
C . . . . . . . . . . . . . . . . 
D . . R . . . . . . . . . . . . . 
E . . . . . . . . . . . . . . . . 
F . . . . . . . . . . . . . . . R 

1-9=MOVE(5=WAIT) 0=TELE 10=LRS 99=QUIT
COMMAND 
TURN 2   ROBOTS 12   TELE 3
   0 1 2 3 4 5 6 7 8 9 A B C D E F
0 . . . . . . . . . . . . . . . . 
1 . . . . . . . . . . . . . . . . 
2 . . . . . . . R . . . . . . . . 
3 . R . . . . . . . . . . . . . . 
4 . . . . . . . . . . . . . . . . 
5 . . . . . . . . . . . . . . . . 
6 . . . P . . . . R . R . . . . . 
7 . . . . . . . R . . . . . . . . 
8 . R . . . . . . . . . . . . . . 
9 . . . R . . . . . . . . . . . . 
A . . . R . . R . R . . . . . . . 
B . . . . . . . . . . . . . . . . 
C . . . R . . . . . . . . . . . . 
D . . . . . . . . . . . . . . . . 
E . . . . . . . . . . . . . . R . 
F . . . . . . . . . . . . . . . . 

1-9=MOVE(5=WAIT) 0=TELE 10=LRS 99=QUIT
COMMAND 
TURN 3   ROBOTS 12   TELE 3
   0 1 2 3 4 5 6 7 8 9 A B C D E F
0 . . . . . . . . . . . . . . . . 
1 . . . . . . . . . . . . . . . . 
2 . . . . . . . . . . . . . . . . 
3 . . . . . . R . . . . . . . . . 
4 . . R . . . . . . . . . . . . . 
5 . . . . . . . . . . . . . . . . 
6 . . P . . . R R . R . . . . . . 
7 . . R . . . . . . . . . . . . . 
8 . . R . . . . . . . . . . . . . 
9 . . R . . R . R . . . . . . . . 
A . . . . . . . . . . . . . . . . 
B . . R . . . . . . . . . . . . . 
C . . . . . . . . . . . . . . . . 
D . . . . . . . . . . . . . R . . 
E . . . . . . . . . . . . . . . . 
F . . . . . . . . . . . . . . . . 

1-9=MOVE(5=WAIT) 0=TELE 10=LRS 99=QUIT
COMMAND A ROBOT CAUGHT YOU AT (1,6)!

TURN 3   ROBOTS 12   TELE 3
   0 1 2 3 4 5 6 7 8 9 A B C D E F
0 . . . . . . . . . . . . . . . . 
1 . . . . . . . . . . . . . . . . 
2 . . . . . . . . . . . . . . . . 
3 . . . . . . . . . . . . . . . . 
4 . . . . . R . . . . . . . . . . 
5 . R . . . . . . . . . . . . . . 
6 . X . . . R R . R . . . . . . . 
7 . R . . . . . . . . . . . . . . 
8 . R . . R . R . . . . . . . . . 
9 . . . . . . . . . . . . . . . . 
A . R . . . . . . . . . . . . . . 
B . . . . . . . . . . . . . . . . 
C . . . . . . . . . . . . R . . . 
D . . . . . . . . . . . . . . . . 
E . . . . . . . . . . . . . . . . 
F . . . . . . . . . . . . . . . . 

*** YOU WERE CAUGHT. ***
TYPE RUN FOR A NEW BOARD (SEED CARRIES OVER).
>>>>
