COR24 BASIC V1
READY
>>>>>>>>>>>>>>>>>>>>>>>>>>>>>>>>>>>>>>>>>>>>>>>>>>>>>>>>>>>>>>>>>>>>>>>>>>>>>>>>>>>>>>>>>>>>>>>>>>>>>>>>>>>>>>>>>>>>>>>>>>>>>>>>>>>>>>>>>>>>>>>>>>>>>>>>>>>>>>>>>>>>>>>>>>>>>>>>>>>>>>>>>>>>>>>>>>>>>>>>>>>>>>>>>>>>>>>>>>>>>>>>>>>>>>>>>>>>>>>>>>>>>>>>>>>>>>>>>>>>>>>>>>>>>>>>>>>>>>>>>>>>>>>>>>>>>>>>>>>>>>>>>>>>>>>>>
*** ROBOT CHASE ***
EVADE THE ROBOTS - MAKE THEM COLLIDE.


TURN 1   ROBOTS 12   TELE 3
   0 1 2 3 4 5 6 7 8 9 A B C D E F
0 . . . . . . . . . . . . . . . . 
1 . . . . . . . . R . . . . . . . 
2 R . . . . . . . . . . . . . . . 
3 . . . . . . . . . . . . . . . . 
4 . . . . . . . . . . . . . . . . 
5 . . . . . . . . . . . . . . . . 
6 . . . . P . . . . . . R . . . . 
7 . . . . . . . . . R . . . . . . 
8 . . . . . . . . R . . . . . . . 
9 R . . . . . . . . . . . . . . . 
A . . . R . . . . . . . . . . . . 
B . . R . . . . R . R . . . . . . 
C . . . . . . . . . . . . . . . . 
D . . R . . . . . . . . . . . . . 
E . . . . . . . . . . . . . . . . 
F . . . . . . . . . . . . . . . R 

1-9=MOVE(5=WAIT) 0=TELE 10=LRS 99=QUIT
COMMAND *BEEP* TELEPORTED.

TURN 2   ROBOTS 12   TELE 2
   0 1 2 3 4 5 6 7 8 9 A B C D E F
0 . . . . . . . . . . . . . . . . 
1 . . . . . . . . . . . . . . . . 
2 . . . . . . . . . R . . . . . . 
3 . R . . . . . . . . . . . . . . 
4 . . . . . . . . . . . . . P . . 
5 . . . . . . . . . . . . R . . . 
6 . . . . . . . . . . R . . . . . 
7 . . . . . . . . . R . . . . . . 
8 . R . . . . . . . . . . . . . . 
9 . . . . R . . . . . . . . . . . 
A . . . R . . . . R . R . . . . . 
B . . . . . . . . . . . . . . . . 
C . . . R . . . . . . . . . . . . 
D . . . . . . . . . . . . . . . . 
E . . . . . . . . . . . . . . R . 
F . . . . . . . . . . . . . . . . 

1-9=MOVE(5=WAIT) 0=TELE 10=LRS 99=QUIT
COMMAND 
*** COMMAND RESIGNED ***
>
