COR24 BASIC V1
READY
>>>>>>>>>>>>>>>>>>>>>>>>>>>>>>>>>>>>>>>>>>>>>>>>>>>>>>>>>>>>>>>>>>>>>>>>>>>>>>>>>>>>>>>>>>>>>>>>>>>>>>>>>>>>>>>>>>>>>>>>>>>>>>>>>>>>>>>>>>>>>>>>>>>>>>>>>>>>>>>>>>>>>>>>>>>>>>>>>>>>>>>>>>>>>>>>>>>>>>>>>>>>>>>>>>>>>>>>>>>>>>>>>>>>>>>>>>>>>>>>>>>>>>>>>>>>>>>>>>>>>>>>>>>>>>>>>>>>>>>>>>>>>>>>>>>>
*** ROBOT CHASE ***
EVADE THE ROBOTS - MAKE THEM COLLIDE.


TURN 1   ROBOTS 8   TELE 2
  0 1 2 3 4 5 6 7 8
0 . . . . . . . . . 
1 . . . . P . . . . 
2 . . . . . . R . . 
3 . . . . . . . . . 
4 . . R . . . . R . 
5 . . . . . . . . . 
6 . . . . . . . . R 
7 . R . R . . . . . 
8 . . R . . . R . . 

1-9=MOVE(5=WAIT) 0=TELE 10=LRS 99=QUIT
COMMAND 
TURN 2   ROBOTS 8   TELE 2
  0 1 2 3 4 5 6 7 8
0 . . . . . . . . . 
1 . . . . P R . . . 
2 . . . . . . . . . 
3 . . . R . . R . . 
4 . . . . . . . . . 
5 . . . . . . . R . 
6 . . R . R . . . . 
7 . . . R . R . . . 
8 . . . . . . . . . 

1-9=MOVE(5=WAIT) 0=TELE 10=LRS 99=QUIT
COMMAND A ROBOT CAUGHT YOU!

TURN 2   ROBOTS 8   TELE 2
  0 1 2 3 4 5 6 7 8
0 . . . . . . . . . 
1 . . . . P . . . . 
2 . . . . R R . . . 
3 . . . . . . . . . 
4 . . . . . . R . . 
5 . . . R R . . . . 
6 . . . . R . . . . 
7 . . . . . . . . . 
8 . . . . . . . . . 

*** YOU WERE CAUGHT. ***
>
