COR24 BASIC V1
READY
>>>>>>>>>>>>>>>>>>>>>>>>>>>>>>>>>>>>>>>>>>>>>>>>>>>>>>>>>>>>>>>>>>>>>>>>>>>>>>>>>>>>>>>>>>>>>>>>>>>>>>>>>>>>>>>>>>>>>>>>>>>>>>>>>>>>>>>>>>>>>>>>>>>>>>>>>>>>>>>>>>>>>>>>>>>>>>>>>>>>>>>>>>>>>>>>>>>>>>>>>>>>>>>>>>>>>>>>>>>>>>>>>>>>>>>>>>>>>>>>>>>>>>>>>>>>>>>>>>>>>>>>>>>>>>>>>>>>>>>>>>>>>>>>>>>>>>>>>>>>>>>>>>>>>>>>>>>>>>>>>>>>>>>>>>>>>>>>>>>>>>>>>>>>>>>>>>>>>>>>>>>>>>>>>>>>>>>>>>>>>>>>>>>>>>

*** STAR TREK: DECAYING ORBIT ***


YOU AWAKEN ALONE ON THE BRIDGE OF THE
U.S.S. ENTERPRISE. RED LIGHTS FLASH.
THE SHIP SHUDDERS.


COMPUTER: WARNING - STABLE ORBIT LOST
COMPUTER: ENGINES OFFLINE
COMPUTER: ORBITAL DECAY IN PROGRESS


RESTORE ENGINE POWER BEFORE THE SHIP
BURNS UP. PICK 8 FOR HELP.


----------------------------------------
TURNS LEFT 30


BRIDGE
THE BRIDGE IS DESERTED. THE MAIN
VIEWSCREEN SHOWS A PLANET GROWING
LARGER. A DAMAGED CONSOLE SPARKS.
THE TURBOLIFT DOORS STAND OPEN.
A PHASER LIES UNDER THE CAPTAIN'S CHAIR.
EXITS: 2=TURBOLIFT


1=LOOK 2=INV  3=GO    4=TAKE
5=USE  6=THROW 7=FIRE 8=HELP 0=QUIT
COMMAND GO TO ROOM# ----------------------------------------
TURNS LEFT 29


TURBOLIFT
THE TURBOLIFT HUMS ON EMERGENCY
POWER. DECK BUTTONS GLOW DIMLY.
EXITS: 1=BRIDGE 3=CORRIDOR 6=ENGINEERING


1=LOOK 2=INV  3=GO    4=TAKE
5=USE  6=THROW 7=FIRE 8=HELP 0=QUIT
COMMAND GO TO ROOM# ----------------------------------------
TURNS LEFT 28


CORRIDOR
A CORRIDOR STRETCHES FORE AND AFT.
EMERGENCY LIGHTS PULSE ALONG THE WALLS.
EXITS: 2=TURBOLIFT 4=QUARTERS
       5=STORAGE   7=ARMORY
       9=COMPUTER


1=LOOK 2=INV  3=GO    4=TAKE
5=USE  6=THROW 7=FIRE 8=HELP 0=QUIT
COMMAND GO TO ROOM# ----------------------------------------
TURNS LEFT 27


QUARTERS
CREW QUARTERS ARE IN DISARRAY.
A LOCKER HANGS OPEN. PERSONAL EFFECTS
FLOAT IN LOW GRAVITY.
A SECURITY ID CARD GLINTS UNDER A BUNK.
EXITS: 3=CORRIDOR


1=LOOK 2=INV  3=GO    4=TAKE
5=USE  6=THROW 7=FIRE 8=HELP 0=QUIT
COMMAND TAKE WHAT?
  2=CARD
ITEM# TAKEN: ID CARD.
----------------------------------------
TURNS LEFT 26


QUARTERS
CREW QUARTERS ARE IN DISARRAY.
A LOCKER HANGS OPEN. PERSONAL EFFECTS
FLOAT IN LOW GRAVITY.
EXITS: 3=CORRIDOR


1=LOOK 2=INV  3=GO    4=TAKE
5=USE  6=THROW 7=FIRE 8=HELP 0=QUIT
COMMAND GO TO ROOM# ----------------------------------------
TURNS LEFT 25


CORRIDOR
A CORRIDOR STRETCHES FORE AND AFT.
EMERGENCY LIGHTS PULSE ALONG THE WALLS.
EXITS: 2=TURBOLIFT 4=QUARTERS
       5=STORAGE   7=ARMORY
       9=COMPUTER


1=LOOK 2=INV  3=GO    4=TAKE
5=USE  6=THROW 7=FIRE 8=HELP 0=QUIT
COMMAND GO TO ROOM# ----------------------------------------
TURNS LEFT 24


ARMORY
RACKS LINE THE WALLS. MOST WEAPONS
ARE MISSING. A SPARE POWER CELL
SITS IN A CRADLE.
EXITS: 3=CORRIDOR


1=LOOK 2=INV  3=GO    4=TAKE
5=USE  6=THROW 7=FIRE 8=HELP 0=QUIT
COMMAND 

*** COMMAND RESIGNED ***
>
