COR24 BASIC V1
READY
>>>>>>>>>>>>>>>>>>>>>>>>>>>>>>>>>>>>>>>>>>>>>>>>>>>>>>>>>>>>>>>>>>>>>>>>>>>>>>>>>>>>>>>>>>>>>>>>>>>>>>>>>>>>>>>>>>>>>>>>>>>>>>>>>>>>>>>>>>>>>>>>>>>>>>>>>>>>>>>>>>>>>>>>>>>>>>>>>>>>>>>>>>>>>>>>>>>>>>>>>>>>>>>>>>>>>>>>>>>>>>>>>>>>>>>>>>>>>>>>>>>>>>>>>>>>>>>>>>>>>>>>>>>>>>>>>>>>>>>>>>>>>>>>>>>>>>>>>>>>>>>>>>>>>>>>>>>>>>>>>>>>>>>>>>>>>>>>>>>>>>>>>>>>>>>>>>>>>>>>>>>>>>>>>>>>>>>>>>>>>>>>>>>>>>
*** STAR TREK: DECAYING ORBIT ***

YOU AWAKEN ALONE ON THE BRIDGE OF THE
U.S.S. ENTERPRISE. RED LIGHTS FLASH.
THE SHIP SHUDDERS.

COMPUTER: WARNING - STABLE ORBIT LOST
COMPUTER: ENGINES OFFLINE
COMPUTER: ORBITAL DECAY IN PROGRESS

RESTORE ENGINE POWER BEFORE THE SHIP
BURNS UP. PICK 8 FOR HELP.

----------------------------------------
TURNS LEFT 30

BRIDGE
THE BRIDGE IS DESERTED. THE MAIN
VIEWSCREEN SHOWS A PLANET GROWING
LARGER. A DAMAGED CONSOLE SPARKS.
THE TURBOLIFT DOORS STAND OPEN.
A PHASER LIES UNDER THE CAPTAIN'S CHAIR.
EXITS: 2=TURBOLIFT

1=LOOK 2=INV  3=GO    4=TAKE
5=USE  6=THROW 7=FIRE 8=HELP 0=QUIT
COMMAND ----------------------------------------
TURNS LEFT 29

BRIDGE
THE BRIDGE IS DESERTED. THE MAIN
VIEWSCREEN SHOWS A PLANET GROWING
LARGER. A DAMAGED CONSOLE SPARKS.
THE TURBOLIFT DOORS STAND OPEN.
A PHASER LIES UNDER THE CAPTAIN'S CHAIR.
EXITS: 2=TURBOLIFT

1=LOOK 2=INV  3=GO    4=TAKE
5=USE  6=THROW 7=FIRE 8=HELP 0=QUIT
COMMAND ----------------------------------------
TURNS LEFT 28

BRIDGE
THE BRIDGE IS DESERTED. THE MAIN
VIEWSCREEN SHOWS A PLANET GROWING
LARGER. A DAMAGED CONSOLE SPARKS.
THE TURBOLIFT DOORS STAND OPEN.
A PHASER LIES UNDER THE CAPTAIN'S CHAIR.
EXITS: 2=TURBOLIFT

1=LOOK 2=INV  3=GO    4=TAKE
5=USE  6=THROW 7=FIRE 8=HELP 0=QUIT
COMMAND ----------------------------------------
TURNS LEFT 27

BRIDGE
THE BRIDGE IS DESERTED. THE MAIN
VIEWSCREEN SHOWS A PLANET GROWING
LARGER. A DAMAGED CONSOLE SPARKS.
THE TURBOLIFT DOORS STAND OPEN.
A PHASER LIES UNDER THE CAPTAIN'S CHAIR.
EXITS: 2=TURBOLIFT

1=LOOK 2=INV  3=GO    4=TAKE
5=USE  6=THROW 7=FIRE 8=HELP 0=QUIT
COMMAND ----------------------------------------
TURNS LEFT 26

BRIDGE
THE BRIDGE IS DESERTED. THE MAIN
VIEWSCREEN SHOWS A PLANET GROWING
LARGER. A DAMAGED CONSOLE SPARKS.
THE TURBOLIFT DOORS STAND OPEN.
A PHASER LIES UNDER THE CAPTAIN'S CHAIR.
EXITS: 2=TURBOLIFT

1=LOOK 2=INV  3=GO    4=TAKE
5=USE  6=THROW 7=FIRE 8=HELP 0=QUIT
COMMAND ----------------------------------------
TURNS LEFT 25

BRIDGE
THE BRIDGE IS DESERTED. THE MAIN
VIEWSCREEN SHOWS A PLANET GROWING
LARGER. A DAMAGED CONSOLE SPARKS.
THE TURBOLIFT DOORS STAND OPEN.
A PHASER LIES UNDER THE CAPTAIN'S CHAIR.
EXITS: 2=TURBOLIFT

1=LOOK 2=INV  3=GO    4=TAKE
5=USE  6=THROW 7=FIRE 8=HELP 0=QUIT
COMMAND ----------------------------------------
TURNS LEFT 24

BRIDGE
THE BRIDGE IS DESERTED. THE MAIN
VIEWSCREEN SHOWS A PLANET GROWING
LARGER. A DAMAGED CONSOLE SPARKS.
THE TURBOLIFT DOORS STAND OPEN.
A PHASER LIES UNDER THE CAPTAIN'S CHAIR.
EXITS: 2=TURBOLIFT

1=LOOK 2=INV  3=GO    4=TAKE
5=USE  6=THROW 7=FIRE 8=HELP 0=QUIT
COMMAND ----------------------------------------
TURNS LEFT 23

BRIDGE
THE BRIDGE IS DESERTED. THE MAIN
VIEWSCREEN SHOWS A PLANET GROWING
LARGER. A DAMAGED CONSOLE SPARKS.
THE TURBOLIFT DOORS STAND OPEN.
A PHASER LIES UNDER THE CAPTAIN'S CHAIR.
EXITS: 2=TURBOLIFT

1=LOOK 2=INV  3=GO    4=TAKE
5=USE  6=THROW 7=FIRE 8=HELP 0=QUIT
COMMAND COMPUTER: INTERNAL SENSORS DETECT BOARDERS.
----------------------------------------
TURNS LEFT 22

BRIDGE
THE BRIDGE IS DESERTED. THE MAIN
VIEWSCREEN SHOWS A PLANET GROWING
LARGER. A DAMAGED CONSOLE SPARKS.
THE TURBOLIFT DOORS STAND OPEN.
A PHASER LIES UNDER THE CAPTAIN'S CHAIR.
EXITS: 2=TURBOLIFT

1=LOOK 2=INV  3=GO    4=TAKE
5=USE  6=THROW 7=FIRE 8=HELP 0=QUIT
COMMAND ----------------------------------------
TURNS LEFT 21

BRIDGE
THE BRIDGE IS DESERTED. THE MAIN
VIEWSCREEN SHOWS A PLANET GROWING
LARGER. A DAMAGED CONSOLE SPARKS.
THE TURBOLIFT DOORS STAND OPEN.
A PHASER LIES UNDER THE CAPTAIN'S CHAIR.
EXITS: 2=TURBOLIFT

1=LOOK 2=INV  3=GO    4=TAKE
5=USE  6=THROW 7=FIRE 8=HELP 0=QUIT
COMMAND ----------------------------------------
TURNS LEFT 20

BRIDGE
THE BRIDGE IS DESERTED. THE MAIN
VIEWSCREEN SHOWS A PLANET GROWING
LARGER. A DAMAGED CONSOLE SPARKS.
THE TURBOLIFT DOORS STAND OPEN.
A PHASER LIES UNDER THE CAPTAIN'S CHAIR.
EXITS: 2=TURBOLIFT

1=LOOK 2=INV  3=GO    4=TAKE
5=USE  6=THROW 7=FIRE 8=HELP 0=QUIT
COMMAND ----------------------------------------
TURNS LEFT 19

BRIDGE
THE BRIDGE IS DESERTED. THE MAIN
VIEWSCREEN SHOWS A PLANET GROWING
LARGER. A DAMAGED CONSOLE SPARKS.
THE TURBOLIFT DOORS STAND OPEN.
A PHASER LIES UNDER THE CAPTAIN'S CHAIR.
EXITS: 2=TURBOLIFT

1=LOOK 2=INV  3=GO    4=TAKE
5=USE  6=THROW 7=FIRE 8=HELP 0=QUIT
COMMAND ----------------------------------------
TURNS LEFT 18

BRIDGE
THE BRIDGE IS DESERTED. THE MAIN
VIEWSCREEN SHOWS A PLANET GROWING
LARGER. A DAMAGED CONSOLE SPARKS.
THE TURBOLIFT DOORS STAND OPEN.
A PHASER LIES UNDER THE CAPTAIN'S CHAIR.
EXITS: 2=TURBOLIFT

1=LOOK 2=INV  3=GO    4=TAKE
5=USE  6=THROW 7=FIRE 8=HELP 0=QUIT
COMMAND ----------------------------------------
TURNS LEFT 17

BRIDGE
THE BRIDGE IS DESERTED. THE MAIN
VIEWSCREEN SHOWS A PLANET GROWING
LARGER. A DAMAGED CONSOLE SPARKS.
THE TURBOLIFT DOORS STAND OPEN.
A PHASER LIES UNDER THE CAPTAIN'S CHAIR.
EXITS: 2=TURBOLIFT

1=LOOK 2=INV  3=GO    4=TAKE
5=USE  6=THROW 7=FIRE 8=HELP 0=QUIT
COMMAND ----------------------------------------
TURNS LEFT 16

BRIDGE
THE BRIDGE IS DESERTED. THE MAIN
VIEWSCREEN SHOWS A PLANET GROWING
LARGER. A DAMAGED CONSOLE SPARKS.
THE TURBOLIFT DOORS STAND OPEN.
A PHASER LIES UNDER THE CAPTAIN'S CHAIR.
EXITS: 2=TURBOLIFT

1=LOOK 2=INV  3=GO    4=TAKE
5=USE  6=THROW 7=FIRE 8=HELP 0=QUIT
COMMAND ----------------------------------------
TURNS LEFT 15

BRIDGE
THE BRIDGE IS DESERTED. THE MAIN
VIEWSCREEN SHOWS A PLANET GROWING
LARGER. A DAMAGED CONSOLE SPARKS.
THE TURBOLIFT DOORS STAND OPEN.
A PHASER LIES UNDER THE CAPTAIN'S CHAIR.
EXITS: 2=TURBOLIFT

1=LOOK 2=INV  3=GO    4=TAKE
5=USE  6=THROW 7=FIRE 8=HELP 0=QUIT
COMMAND ----------------------------------------
TURNS LEFT 14

BRIDGE
THE BRIDGE IS DESERTED. THE MAIN
VIEWSCREEN SHOWS A PLANET GROWING
LARGER. A DAMAGED CONSOLE SPARKS.
THE TURBOLIFT DOORS STAND OPEN.
A PHASER LIES UNDER THE CAPTAIN'S CHAIR.
EXITS: 2=TURBOLIFT

1=LOOK 2=INV  3=GO    4=TAKE
5=USE  6=THROW 7=FIRE 8=HELP 0=QUIT
COMMAND ----------------------------------------
TURNS LEFT 13

BRIDGE
THE BRIDGE IS DESERTED. THE MAIN
VIEWSCREEN SHOWS A PLANET GROWING
LARGER. A DAMAGED CONSOLE SPARKS.
THE TURBOLIFT DOORS STAND OPEN.
A PHASER LIES UNDER THE CAPTAIN'S CHAIR.
EXITS: 2=TURBOLIFT

1=LOOK 2=INV  3=GO    4=TAKE
5=USE  6=THROW 7=FIRE 8=HELP 0=QUIT
COMMAND ----------------------------------------
TURNS LEFT 12

BRIDGE
THE BRIDGE IS DESERTED. THE MAIN
VIEWSCREEN SHOWS A PLANET GROWING
LARGER. A DAMAGED CONSOLE SPARKS.
THE TURBOLIFT DOORS STAND OPEN.
A PHASER LIES UNDER THE CAPTAIN'S CHAIR.
EXITS: 2=TURBOLIFT

1=LOOK 2=INV  3=GO    4=TAKE
5=USE  6=THROW 7=FIRE 8=HELP 0=QUIT
COMMAND ----------------------------------------
TURNS LEFT 11

BRIDGE
THE BRIDGE IS DESERTED. THE MAIN
VIEWSCREEN SHOWS A PLANET GROWING
LARGER. A DAMAGED CONSOLE SPARKS.
THE TURBOLIFT DOORS STAND OPEN.
A PHASER LIES UNDER THE CAPTAIN'S CHAIR.
EXITS: 2=TURBOLIFT

1=LOOK 2=INV  3=GO    4=TAKE
5=USE  6=THROW 7=FIRE 8=HELP 0=QUIT
COMMAND ----------------------------------------
TURNS LEFT 10

BRIDGE
THE BRIDGE IS DESERTED. THE MAIN
VIEWSCREEN SHOWS A PLANET GROWING
LARGER. A DAMAGED CONSOLE SPARKS.
THE TURBOLIFT DOORS STAND OPEN.
A PHASER LIES UNDER THE CAPTAIN'S CHAIR.
EXITS: 2=TURBOLIFT

1=LOOK 2=INV  3=GO    4=TAKE
5=USE  6=THROW 7=FIRE 8=HELP 0=QUIT
COMMAND ----------------------------------------
TURNS LEFT 9

BRIDGE
THE BRIDGE IS DESERTED. THE MAIN
VIEWSCREEN SHOWS A PLANET GROWING
LARGER. A DAMAGED CONSOLE SPARKS.
THE TURBOLIFT DOORS STAND OPEN.
A PHASER LIES UNDER THE CAPTAIN'S CHAIR.
EXITS: 2=TURBOLIFT

1=LOOK 2=INV  3=GO    4=TAKE
5=USE  6=THROW 7=FIRE 8=HELP 0=QUIT
COMMAND ----------------------------------------
TURNS LEFT 8

BRIDGE
THE BRIDGE IS DESERTED. THE MAIN
VIEWSCREEN SHOWS A PLANET GROWING
LARGER. A DAMAGED CONSOLE SPARKS.
THE TURBOLIFT DOORS STAND OPEN.
A PHASER LIES UNDER THE CAPTAIN'S CHAIR.
EXITS: 2=TURBOLIFT

1=LOOK 2=INV  3=GO    4=TAKE
5=USE  6=THROW 7=FIRE 8=HELP 0=QUIT
COMMAND ----------------------------------------
TURNS LEFT 7

BRIDGE
THE BRIDGE IS DESERTED. THE MAIN
VIEWSCREEN SHOWS A PLANET GROWING
LARGER. A DAMAGED CONSOLE SPARKS.
THE TURBOLIFT DOORS STAND OPEN.
A PHASER LIES UNDER THE CAPTAIN'S CHAIR.
EXITS: 2=TURBOLIFT

1=LOOK 2=INV  3=GO    4=TAKE
5=USE  6=THROW 7=FIRE 8=HELP 0=QUIT
COMMAND ----------------------------------------
TURNS LEFT 6

BRIDGE
THE BRIDGE IS DESERTED. THE MAIN
VIEWSCREEN SHOWS A PLANET GROWING
LARGER. A DAMAGED CONSOLE SPARKS.
THE TURBOLIFT DOORS STAND OPEN.
A PHASER LIES UNDER THE CAPTAIN'S CHAIR.
EXITS: 2=TURBOLIFT

1=LOOK 2=INV  3=GO    4=TAKE
5=USE  6=THROW 7=FIRE 8=HELP 0=QUIT
COMMAND ----------------------------------------
TURNS LEFT 5

BRIDGE
THE BRIDGE IS DESERTED. THE MAIN
VIEWSCREEN SHOWS A PLANET GROWING
LARGER. A DAMAGED CONSOLE SPARKS.
THE TURBOLIFT DOORS STAND OPEN.
A PHASER LIES UNDER THE CAPTAIN'S CHAIR.
EXITS: 2=TURBOLIFT

1=LOOK 2=INV  3=GO    4=TAKE
5=USE  6=THROW 7=FIRE 8=HELP 0=QUIT
COMMAND ----------------------------------------
TURNS LEFT 4

BRIDGE
THE BRIDGE IS DESERTED. THE MAIN
VIEWSCREEN SHOWS A PLANET GROWING
LARGER. A DAMAGED CONSOLE SPARKS.
THE TURBOLIFT DOORS STAND OPEN.
A PHASER LIES UNDER THE CAPTAIN'S CHAIR.
EXITS: 2=TURBOLIFT

1=LOOK 2=INV  3=GO    4=TAKE
5=USE  6=THROW 7=FIRE 8=HELP 0=QUIT
COMMAND ----------------------------------------
TURNS LEFT 3

BRIDGE
THE BRIDGE IS DESERTED. THE MAIN
VIEWSCREEN SHOWS A PLANET GROWING
LARGER. A DAMAGED CONSOLE SPARKS.
THE TURBOLIFT DOORS STAND OPEN.
A PHASER LIES UNDER THE CAPTAIN'S CHAIR.
EXITS: 2=TURBOLIFT

1=LOOK 2=INV  3=GO    4=TAKE
5=USE  6=THROW 7=FIRE 8=HELP 0=QUIT
COMMAND ----------------------------------------
TURNS LEFT 2

BRIDGE
THE BRIDGE IS DESERTED. THE MAIN
VIEWSCREEN SHOWS A PLANET GROWING
LARGER. A DAMAGED CONSOLE SPARKS.
THE TURBOLIFT DOORS STAND OPEN.
A PHASER LIES UNDER THE CAPTAIN'S CHAIR.
EXITS: 2=TURBOLIFT

1=LOOK 2=INV  3=GO    4=TAKE
5=USE  6=THROW 7=FIRE 8=HELP 0=QUIT
COMMAND ----------------------------------------
TURNS LEFT 1

BRIDGE
THE BRIDGE IS DESERTED. THE MAIN
VIEWSCREEN SHOWS A PLANET GROWING
LARGER. A DAMAGED CONSOLE SPARKS.
THE TURBOLIFT DOORS STAND OPEN.
A PHASER LIES UNDER THE CAPTAIN'S CHAIR.
EXITS: 2=TURBOLIFT

1=LOOK 2=INV  3=GO    4=TAKE
5=USE  6=THROW 7=FIRE 8=HELP 0=QUIT
COMMAND 
THE SHIP SHAKES VIOLENTLY.
FLAMES ERUPT FROM DEAD CONSOLES.
THE ENTERPRISE ENTERS THE UPPER
ATMOSPHERE.

*** YOU WERE TOO LATE. ***
>>>>
